MPASM 5.77  /HOME/ALEXANDRE/MPLABXPROJECTS/A   8-22-2018  14:37:47         PAGE  1


LOC  OBJECT CODE     LINE SOURCE TEXT
  VALUE

                      00001 ;* * * * * * * * * * * * * * * * * * * * * * * * * * * * * * * * * *
                      00002 ;*              MODIFICAÇÕES PARA USO COM 12F675                   *
                      00003 ;*                FEITAS PELO PROF. MARDSON                        *
                      00004 ;*                    FEVEREIRO DE 2016                            *
                      00005 ;* * * * * * * * * * * * * * * * * * * * * * * * * * * * * * * * * *
                      00006 
                      00007 ;* * * * * * * * * * * * * * * * * * * * * * * * * * * * * * * * * *
                      00008 ;*                       NOME DO PROJETO                           *
                      00009 ;*                           CLIENTE                               *
                      00010 ;*         DESENVOLVIDO PELA MOSAICO ENGENHARIA E CONSULTORIA      *
                      00011 ;*   VERSÃO: 1.0                           DATA: 17/06/03          *
                      00012 ;* * * * * * * * * * * * * * * * * * * * * * * * * * * * * * * * * *
                      00013 ;*                     DESCRIÇÃO DO ARQUIVO                        *
                      00014 ;*-----------------------------------------------------------------*
                      00015 ;*   MODELO PARA O PIC 12F675                                      *
                      00016 ;*                                                                 *
                      00017 ;*                                                                 *
                      00018 ;* * * * * * * * * * * * * * * * * * * * * * * * * * * * * * * * * *
                      00019 
                      00020 ;* * * * * * * * * * * * * * * * * * * * * * * * * * * * * * * * * *
                      00021 ;*                     ARQUIVOS DE DEFINIÇÕES                      *
                      00022 ;* * * * * * * * * * * * * * * * * * * * * * * * * * * * * * * * * *
                      00023 #INCLUDE <p12f675.inc>  ;ARQUIVO PADRÃO MICROCHIP PARA 12F675
                      00001         LIST
                      00002 
                      00003 ;==========================================================================
                      00004 ; Build date : Nov 22 2017
                      00005 ;  MPASM PIC12F675 processor include
                      00006 ; 
                      00007 ;  (c) Copyright 1999-2017 Microchip Technology, All rights reserved
                      00008 ;==========================================================================
                      00009 
                      00367         LIST
                      00024 
2007   3FA4           00025         __CONFIG _BODEN_OFF & _CP_OFF & _PWRTE_ON & _WDT_OFF & _MCLRE_ON & _INTRC_OSC_NOCLKOUT
                      00026 
                      00027 ;* * * * * * * * * * * * * * * * * * * * * * * * * * * * * * * * * *
                      00028 ;*                    PAGINAÇÃO DE MEMÓRIA                         *
                      00029 ;* * * * * * * * * * * * * * * * * * * * * * * * * * * * * * * * * *
                      00030 ;DEFINIÇÃO DE COMANDOS DE USUÁRIO PARA ALTERAÇÃO DA PÁGINA DE MEMÓRIA
                      00031 #DEFINE BANK0   BCF STATUS,RP0  ;SETA BANK 0 DE MEMÓRIA
                      00032 #DEFINE BANK1   BSF STATUS,RP0  ;SETA BANK 1 DE MAMÓRIA
                      00033 
                      00034 ;* * * * * * * * * * * * * * * * * * * * * * * * * * * * * * * * * *
                      00035 ;*                         VARIÁVEIS                               *
                      00036 ;* * * * * * * * * * * * * * * * * * * * * * * * * * * * * * * * * *
                      00037 ; DEFINIÇÃO DOS NOMES E ENDEREÇOS DE TODAS AS VARIÁVEIS UTILIZADAS 
                      00038 ; PELO SISTEMA
                      00039 
                      00040         CBLOCK  0x20    ;ENDEREÇO INICIAL DA MEMÓRIA DE
                      00041                                         ;USUÁRIO
  00000020            00042                 W_TEMP          ;REGISTRADORES TEMPORÁRIOS PARA USO
  00000021            00043                 STATUS_TEMP     ;JUNTO ÀS INTERRUPÇÕES
MPASM 5.77  /HOME/ALEXANDRE/MPLABXPROJECTS/A   8-22-2018  14:37:47         PAGE  2


LOC  OBJECT CODE     LINE SOURCE TEXT
  VALUE

                      00044                 ;NOVAS VARIÁVEIS
  00000022            00045                 CONT            ;CONTADOR PARA O TMR0
  00000023            00046                 PISCA_ALERTA    ;FLAG PARA INDICAR SE O PISCA ALERTA ESTÁ ACIONADO
  00000024            00047                 FAROL_ESQUERDO  ;FLAG PARA INDICAR SE O FAROL ESQUERDO ESTÁ ACIONADO
  00000025            00048                 FAROL_DIREITO   ;FLAG PARA INDICAR SE O FAROL DIREITO ESTÁ ACIONADO
                      00049                 
                      00050 
                      00051         ENDC                    ;FIM DO BLOCO DE MEMÓRIA
                      00052 ;* * * * * * * * * * * * * * * * * * * * * * * * * * * * * * * * * *
                      00053 ;*                        FLAGS INTERNOS                           *
                      00054 ;* * * * * * * * * * * * * * * * * * * * * * * * * * * * * * * * * *
                      00055 ; DEFINIÇÃO DE TODOS OS FLAGS UTILIZADOS PELO SISTEMA
                      00056 
                      00057 ;* * * * * * * * * * * * * * * * * * * * * * * * * * * * * * * * * *
                      00058 ;*                         CONSTANTES                              *
                      00059 ;* * * * * * * * * * * * * * * * * * * * * * * * * * * * * * * * * *
                      00060 ; DEFINIÇÃO DE TODAS AS CONSTANTES UTILIZADAS PELO SISTEMA
                      00061 
                      00062 ;* * * * * * * * * * * * * * * * * * * * * * * * * * * * * * * * * *
                      00063 ;*                           ENTRADAS                              *
                      00064 ;* * * * * * * * * * * * * * * * * * * * * * * * * * * * * * * * * *
                      00065 ; DEFINIÇÃO DE TODOS OS PINOS QUE SERÃO UTILIZADOS COMO ENTRADA
                      00066 ; RECOMENDAMOS TAMBÉM COMENTAR O SIGNIFICADO DE SEUS ESTADOS (0 E 1)
                      00067 
                      00068 ;* * * * * * * * * * * * * * * * * * * * * * * * * * * * * * * * * *
                      00069 ;*                           SAÍDAS                                *
                      00070 ;* * * * * * * * * * * * * * * * * * * * * * * * * * * * * * * * * *
                      00071 ; DEFINIÇÃO DE TODOS OS PINOS QUE SERÃO UTILIZADOS COMO SAÍDA
                      00072 ; RECOMENDAMOS TAMBÉM COMENTAR O SIGNIFICADO DE SEUS ESTADOS (0 E 1)
                      00073 
                      00074 ;* * * * * * * * * * * * * * * * * * * * * * * * * * * * * * * * * *
                      00075 ;*                       VETOR DE RESET                            *
                      00076 ;* * * * * * * * * * * * * * * * * * * * * * * * * * * * * * * * * *
                      00077 
                      00078         ORG     0x00                    ;ENDEREÇO INICIAL DE PROCESSAMENTO
0000   2???           00079         GOTO    INICIO
                      00080         
                      00081 ;* * * * * * * * * * * * * * * * * * * * * * * * * * * * * * * * * *
                      00082 ;*                    INÍCIO DA INTERRUPÇÃO                        *
                      00083 ;* * * * * * * * * * * * * * * * * * * * * * * * * * * * * * * * * *
                      00084 ; ENDEREÇO DE DESVIO DAS INTERRUPÇÕES. A PRIMEIRA TAREFA É SALVAR OS
                      00085 ; VALORES DE "W" E "STATUS" PARA RECUPERAÇÃO FUTURA
                      00086 
                      00087         ORG     0x04                    ;ENDEREÇO INICIAL DA INTERRUPÇÃO
0004   00A0           00088         MOVWF   W_TEMP          ;COPIA W PARA W_TEMP
0005   0E03           00089         SWAPF   STATUS,W
0006   00A1           00090         MOVWF   STATUS_TEMP     ;COPIA STATUS PARA STATUS_TEMP
                      00091 
                      00092 ;* * * * * * * * * * * * * * * * * * * * * * * * * * * * * * * * * *
                      00093 ;*                    ROTINA DE INTERRUPÇÃO                        *
                      00094 ;* * * * * * * * * * * * * * * * * * * * * * * * * * * * * * * * * *
                      00095 ; AQUI SERÁ ESCRITA AS ROTINAS DE RECONHECIMENTO E TRATAMENTO DAS
                      00096 ; INTERRUPÇÕES
MPASM 5.77  /HOME/ALEXANDRE/MPLABXPROJECTS/A   8-22-2018  14:37:47         PAGE  3


LOC  OBJECT CODE     LINE SOURCE TEXT
  VALUE

0007   1C05           00097         BTFSS   GPIO, GP0
0008   2???           00098         GOTO    PROXIMO1
0009   1423           00099         BSF     PISCA_ALERTA,0
000A   1024           00100         BCF     FAROL_ESQUERDO,0
000B   1025           00101         BCF     FAROL_DIREITO,0
000C   2???           00102         GOTO    SAI_INT
000D                  00103 PROXIMO1
000D   1C85           00104         BTFSS   GPIO, GP1
000E   2???           00105         GOTO    PROXIMO2
000F   1424           00106         BSF     FAROL_ESQUERDO,0
0010   1023           00107         BCF     PISCA_ALERTA,0
0011   1025           00108         BCF     FAROL_DIREITO,0
0012   2???           00109         GOTO    SAI_INT
0013                  00110 PROXIMO2
0013   1D05           00111         BTFSS   GPIO, GP2
0014   2???           00112         GOTO    PROXIMO3
0015   1425           00113         BSF     FAROL_DIREITO,0
0016   1023           00114         BCF     PISCA_ALERTA,0
0017   1024           00115         BCF     FAROL_ESQUERDO,0
0018   2???           00116         GOTO    SAI_INT
0019                  00117 PROXIMO3
0019   1025           00118         BCF     FAROL_DIREITO,0
001A   1023           00119         BCF     PISCA_ALERTA,0
001B   1024           00120         BCF     FAROL_ESQUERDO,0
                      00121 ;* * * * * * * * * * * * * * * * * * * * * * * * * * * * * * * * * *
                      00122 ;*                 ROTINA DE SAÍDA DA INTERRUPÇÃO                  *
                      00123 ;* * * * * * * * * * * * * * * * * * * * * * * * * * * * * * * * * *
                      00124 ; OS VALORES DE "W" E "STATUS" DEVEM SER RECUPERADOS ANTES DE 
                      00125 ; RETORNAR DA INTERRUPÇÃO
                      00126 
001C                  00127 SAI_INT
001C   100B           00128         BCF     INTCON,GPIF
001D   0E21           00129         SWAPF   STATUS_TEMP,W
001E   0083           00130         MOVWF   STATUS          ;MOVE STATUS_TEMP PARA STATUS
001F   0EA0           00131         SWAPF   W_TEMP,F
0020   0E20           00132         SWAPF   W_TEMP,W        ;MOVE W_TEMP PARA W
0021   0009           00133         RETFIE
                      00134 
                      00135 ;* * * * * * * * * * * * * * * * * * * * * * * * * * * * * * * * * *
                      00136 ;*                       ROTINAS E SUBROTINAS                      *
                      00137 ;* * * * * * * * * * * * * * * * * * * * * * * * * * * * * * * * * *
                      00138 ; CADA ROTINA OU SUBROTINA DEVE POSSUIR A DESCRIÇÃO DE FUNCIONAMENTO
                      00139 ; E UM NOME COERENTE ÀS SUAS FUNÇÕES.
                      00140 
0022                  00141 SUBROTINA1
                      00142 
                      00143         ;CORPO DA ROTINA
                      00144 
0022   0008           00145         RETURN
                      00146 
                      00147 ;* * * * * * * * * * * * * * * * * * * * * * * * * * * * * * * * * *
                      00148 ;*                     INICIO DO PROGRAMA                          *
                      00149 ;* * * * * * * * * * * * * * * * * * * * * * * * * * * * * * * * * *
MPASM 5.77  /HOME/ALEXANDRE/MPLABXPROJECTS/A   8-22-2018  14:37:47         PAGE  4


LOC  OBJECT CODE     LINE SOURCE TEXT
  VALUE

                      00150         
0023                  00151 INICIO
0023   1683           00152         BANK1                           ;ALTERA PARA O BANCO 1
0024   3007           00153         MOVLW   B'00000111'     ;CONFIGURA TODAS AS PORTAS DO GPIO (PINOS)
Message[302]: Register in operand not in bank 0.  Ensure that bank bits are correct.
0025   0085           00154         MOVWF   TRISIO          ;COMO SAÍDAS
Message[302]: Register in operand not in bank 0.  Ensure that bank bits are correct.
0026   019F           00155         CLRF    ANSEL           ;DEFINE PORTAS COMO Digital I/O
0027   3087           00156         MOVLW   B'10000111'
Message[302]: Register in operand not in bank 0.  Ensure that bank bits are correct.
0028   0081           00157         MOVWF   OPTION_REG      ;DEFINE OPÇÕES DE OPERAÇÃO
0029   3088           00158         MOVLW   B'10001000'
002A   008B           00159         MOVWF   INTCON          ;DEFINE OPÇÕES DE INTERRUPÇÕES
002B   3007           00160         MOVLW   B'00000111'     ;DEFINE AS INTERRUPÇÕES DAS ENTRADAS 
Message[302]: Register in operand not in bank 0.  Ensure that bank bits are correct.
002C   0096           00161         MOVWF   IOC             ;GP0 GP1 E GP2
002D   1283           00162         BANK0                           ;RETORNA PARA O BANCO
002E   3007           00163         MOVLW   B'00000111'
002F   0099           00164         MOVWF   CMCON           ;DEFINE O MODO DE OPERAÇÃO DO COMPARADOR ANALÓGICO
                      00165 
                      00166 ;* * * * * * * * * * * * * * * * * * * * * * * * * * * * * * * * * *
                      00167 ;*                     INICIALIZAÇÃO DAS VARIÁVEIS                 *
                      00168 ;* * * * * * * * * * * * * * * * * * * * * * * * * * * * * * * * * *
                      00169         
                      00170 ;* * * * * * * * * * * * * * * * * * * * * * * * * * * * * * * * * *
                      00171 ;*                     ROTINA PRINCIPAL                            *
                      00172 ;* * * * * * * * * * * * * * * * * * * * * * * * * * * * * * * * * *
0030                  00173 MAIN
                      00174         ;CORPO DA ROTINA PRINCIPAL.
0030   1823           00175         BTFSC   PISCA_ALERTA,0  ;CONFERE SE A FLAG DO ALERTA ESTÁ LIGADO
0031   2???           00176         GOTO    ALERTA          ;SE ESTIVER VAI PARA O ALERTA SE NÃO
0032   1824           00177         BTFSC   FAROL_ESQUERDO,0;CONFERE SE A FLAG DO FAROL ESQUERDO TÁ LIGADO
0033   2???           00178         GOTO    ESQUERDO        ;SE ESTIVER VAI PARA O ESQUERDO SE NÃO
0034   1825           00179         BTFSC   FAROL_DIREITO,0 ;CONFERE SE A FLAG DO FAROL DIREITO TÁ LIGADO
0035   2???           00180         GOTO    DIREITO         ;SE ESTIVER VAI PARA O DIREITO SE NÃO
0036   2???           00181         GOTO    MAIN            ;CONFERE TUDO NOVAMENTE
0037                  00182 ALERTA  
                      00183         ;ETAPA_1
0037   1605           00184         BSF     GPIO,GP4        ;LIGA LED-E
0038   1685           00185         BSF     GPIO,GP5        ;LIGA LED-D
0039   300A           00186         MOVLW   .10             ;CONTADOR PARA FAZER UM TEMPO DE 500ms
003A   00A2           00187         MOVWF   CONT
003B                  00188 LOOP_1  
003B   303D           00189         MOVLW   .61             ;TEMPO PARA O TMR0 INICIAR, PARA FAZER 50ms
003C   0081           00190         MOVWF   TMR0            
003D   110B           00191         BCF     INTCON, T0IF    ;LIMPA A FLAG DO ESTOURO DO TMR0
003E                  00192 TESTE_1 
003E   1D0B           00193         BTFSS   INTCON, T0IF    ;CONFIRO SE O TMR0 ESTOUROU
003F   2???           00194         GOTO    TESTE_1         ;SE NÃO ESTOUROU FICA CONFERINDO ATÉ ESTOURAR
0040   0BA2           00195         DECFSZ  CONT,F          ;DECREMENTO O CONT, SE FOR ZERO PULA
0041   2???           00196         GOTO    LOOP_1          ;SE NÃO FOR ZERO VOLTA PARA O LOOP_1 PARA CONTAR O TEMPO DENOVO
                      00197         ;ETAPA_2
0042   1205           00198         BCF     GPIO,GP4        ;APAGA O LED-E
MPASM 5.77  /HOME/ALEXANDRE/MPLABXPROJECTS/A   8-22-2018  14:37:47         PAGE  5


LOC  OBJECT CODE     LINE SOURCE TEXT
  VALUE

0043   1285           00199         BCF     GPIO,GP5        ;APAGA O LED-D
0044   300A           00200         MOVLW   .10             ;E REPETE O MESMO PROCESSO DA PRIMEIRA ETAPA
0045   00A2           00201         MOVWF   CONT            ;PARA QUE O LED FIQUE APAGADO POR 500ms
0046                  00202 LOOP_2  
0046   303D           00203         MOVLW   .61             ;TEMPO PARA O TMR0 INICIAR, PARA FAZER 50ms
0047   0081           00204         MOVWF   TMR0
0048   110B           00205         BCF     INTCON, T0IF    ;LIMPA A FLAG DO ESTOURO DO TMR0
0049                  00206 TESTE_2 
0049   1D0B           00207         BTFSS   INTCON, T0IF    ;CONFIRO SE O TMR0 ESTOUROU
004A   2???           00208         GOTO    TESTE_2         ;SE NÃO ESTOUROU FICA CONFERINDO ATÉ ESTOURAR
004B   0BA2           00209         DECFSZ  CONT,F          ;DECREMENTO O CONT, SE FOR ZERO PULA
004C   2???           00210         GOTO    LOOP_2          ;SE NÃO FOR ZERO VOLTA PARA O LOOP_2 PARA CONTAR O TEMPO DENOVO
004D   2???           00211         GOTO    MAIN
004E                  00212 ESQUERDO
                      00213         ;ETAPA_E1
004E   1605           00214         BSF     GPIO,GP4        ;LIGA LED-E
004F   300A           00215         MOVLW   .10             ;CONTADOR PARA FAZER UM TEMPO DE 500ms
0050   00A2           00216         MOVWF   CONT
0051                  00217 LOOP_E1 
0051   303D           00218         MOVLW   .61             ;TEMPO PARA O TMR0 INICIAR, PARA FAZER 50ms
0052   0081           00219         MOVWF   TMR0            
0053   110B           00220         BCF     INTCON, T0IF    ;LIMPA A FLAG DO ESTOURO DO TMR0
0054                  00221 TESTE_E1        
0054   1D0B           00222         BTFSS   INTCON, T0IF    ;CONFIRO SE O TMR0 ESTOUROU
0055   2???           00223         GOTO    TESTE_E1        ;SE NÃO ESTOUROU FICA CONFERINDO ATÉ ESTOURAR
0056   0BA2           00224         DECFSZ  CONT,F          ;DECREMENTO O CONT, SE FOR ZERO PULA
0057   2???           00225         GOTO    LOOP_E1         ;SE NÃO FOR ZERO VOLTA PARA O LOOP_1 PARA CONTAR O TEMPO DENOVO
                      00226         ;ETAPA_E2
0058   1205           00227         BCF     GPIO,GP4        ;APAGA O LED-E
0059   300A           00228         MOVLW   .10             ;E REPETE O MESMO PROCESSO DA PRIMEIRA ETAPA
005A   00A2           00229         MOVWF   CONT            ;PARA QUE O LED FIQUE APAGADO POR 500ms
005B                  00230 LOOP_E2 
005B   303D           00231         MOVLW   .61             ;TEMPO PARA O TMR0 INICIAR, PARA FAZER 50ms
005C   0081           00232         MOVWF   TMR0
005D   110B           00233         BCF     INTCON, T0IF    ;LIMPA A FLAG DO ESTOURO DO TMR0
005E                  00234 TESTE_E2        
005E   1D0B           00235         BTFSS   INTCON, T0IF    ;CONFIRO SE O TMR0 ESTOUROU
005F   2???           00236         GOTO    TESTE_E2                ;SE NÃO ESTOUROU FICA CONFERINDO ATÉ ESTOURAR
0060   0BA2           00237         DECFSZ  CONT,F          ;DECREMENTO O CONT, SE FOR ZERO PULA
0061   2???           00238         GOTO    LOOP_E2         ;SE NÃO FOR ZERO VOLTA PARA O LOOP_2 PARA CONTAR O TEMPO DENOVO
0062   2???           00239         GOTO    MAIN
0063                  00240 DIREITO
                      00241         ;ETAPA_D1
0063   1685           00242         BSF     GPIO,GP5        ;LIGA LED-D
0064   300A           00243         MOVLW   .10             ;CONTADOR PARA FAZER UM TEMPO DE 500ms
0065   00A2           00244         MOVWF   CONT
0066                  00245 LOOP_D1 
0066   303D           00246         MOVLW   .61             ;TEMPO PARA O TMR0 INICIAR, PARA FAZER 50ms
0067   0081           00247         MOVWF   TMR0            
0068   110B           00248         BCF     INTCON, T0IF    ;LIMPA A FLAG DO ESTOURO DO TMR0
0069                  00249 TESTE_D1        
0069   1D0B           00250         BTFSS   INTCON, T0IF    ;CONFIRO SE O TMR0 ESTOUROU
006A   2???           00251         GOTO    TESTE_D1        ;SE NÃO ESTOUROU FICA CONFERINDO ATÉ ESTOURAR
MPASM 5.77  /HOME/ALEXANDRE/MPLABXPROJECTS/A   8-22-2018  14:37:47         PAGE  6


LOC  OBJECT CODE     LINE SOURCE TEXT
  VALUE

006B   0BA2           00252         DECFSZ  CONT,F          ;DECREMENTO O CONT, SE FOR ZERO PULA
006C   2???           00253         GOTO    LOOP_D1         ;SE NÃO FOR ZERO VOLTA PARA O LOOP_1 PARA CONTAR O TEMPO DENOVO
                      00254         ;ETAPA_D2
006D   1285           00255         BCF     GPIO,GP5        ;APAGA O LED-D
006E   300A           00256         MOVLW   .10             ;E REPETE O MESMO PROCESSO DA PRIMEIRA ETAPA
006F   00A2           00257         MOVWF   CONT            ;PARA QUE O LED FIQUE APAGADO POR 500ms
0070                  00258 LOOP_D2 
0070   303D           00259         MOVLW   .61             ;TEMPO PARA O TMR0 INICIAR, PARA FAZER 50ms
0071   0081           00260         MOVWF   TMR0
0072   110B           00261         BCF     INTCON, T0IF    ;LIMPA A FLAG DO ESTOURO DO TMR0
0073                  00262 TESTE_D2        
0073   1D0B           00263         BTFSS   INTCON, T0IF    ;CONFIRO SE O TMR0 ESTOUROU
0074   2???           00264         GOTO    TESTE_D2                ;SE NÃO ESTOUROU FICA CONFERINDO ATÉ ESTOURAR
0075   0BA2           00265         DECFSZ  CONT,F          ;DECREMENTO O CONT, SE FOR ZERO PULA
0076   2???           00266         GOTO    LOOP_D2         ;SE NÃO FOR ZERO VOLTA PARA O LOOP_2 PARA CONTAR O TEMPO DENOVO
0077   2???           00267         GOTO MAIN
                      00268 
0078   2???           00269         GOTO MAIN
                      00270 ;* * * * * * * * * * * * * * * * * * * * * * * * * * * * * * * * * *
                      00271 ;*                       FIM DO PROGRAMA                           *
                      00272 ;* * * * * * * * * * * * * * * * * * * * * * * * * * * * * * * * * *
                      00273 
3FA4                  00274         END
MPASM 5.77  /HOME/ALEXANDRE/MPLABXPROJECTS/A   8-22-2018  14:37:47         PAGE  7


SYMBOL TABLE
  LABEL                             VALUE 

ADCON0                            0000001F
ADCS0                             00000004
ADCS1                             00000005
ADCS2                             00000006
ADFM                              00000007
ADIE                              00000006
ADIF                              00000006
ADON                              00000000
ADRESH                            0000001E
ADRESL                            0000009E
ALERTA                            00000037
ANS0                              00000000
ANS1                              00000001
ANS2                              00000002
ANS3                              00000003
ANSEL                             0000009F
BANK0                             BCF STATUS,RP0
BANK1                             BSF STATUS,RP0
C                                 00000000
CAL0                              00000002
CAL1                              00000003
CAL2                              00000004
CAL3                              00000005
CAL4                              00000006
CAL5                              00000007
CHS0                              00000002
CHS1                              00000003
CINV                              00000004
CIS                               00000003
CM0                               00000000
CM1                               00000001
CM2                               00000002
CMCON                             00000019
CMIE                              00000003
CMIF                              00000003
CONT                              00000022
COUT                              00000006
DC                                00000001
DIREITO                           00000063
EEADR                             0000009B
EECON1                            0000009C
EECON2                            0000009D
EEDAT                             0000009A
EEDATA                            0000009A
EEIE                              00000007
EEIF                              00000007
ESQUERDO                          0000004E
F                                 00000001
FAROL_DIREITO                     00000025
FAROL_ESQUERDO                    00000024
FSR                               00000004
GIE                               00000007
GO                                00000001
MPASM 5.77  /HOME/ALEXANDRE/MPLABXPROJECTS/A   8-22-2018  14:37:47         PAGE  8


SYMBOL TABLE
  LABEL                             VALUE 

GO_DONE                           00000001
GO_NOT_DONE                       00000001
GP0                               00000000
GP1                               00000001
GP2                               00000002
GP3                               00000003
GP4                               00000004
GP5                               00000005
GPIE                              00000003
GPIF                              00000000
GPIO                              00000005
GPIO0                             00000000
GPIO1                             00000001
GPIO2                             00000002
GPIO3                             00000003
GPIO4                             00000004
GPIO5                             00000005
INDF                              00000000
INICIO                            00000023
INTCON                            0000000B
INTE                              00000004
INTEDG                            00000006
INTF                              00000001
IOC                               00000096
IOC0                              00000000
IOC1                              00000001
IOC2                              00000002
IOC3                              00000003
IOC4                              00000004
IOC5                              00000005
IOCB                              00000096
IOCB0                             00000000
IOCB1                             00000001
IOCB2                             00000002
IOCB3                             00000003
IOCB4                             00000004
IOCB5                             00000005
IRP                               00000007
LOOP_1                            0000003B
LOOP_2                            00000046
LOOP_D1                           00000066
LOOP_D2                           00000070
LOOP_E1                           00000051
LOOP_E2                           0000005B
MAIN                              00000030
NOT_BOD                           00000000
NOT_BOR                           00000000
NOT_DONE                          00000001
NOT_GPPU                          00000007
NOT_PD                            00000003
NOT_POR                           00000001
NOT_T1SYNC                        00000002
NOT_TO                            00000004
MPASM 5.77  /HOME/ALEXANDRE/MPLABXPROJECTS/A   8-22-2018  14:37:47         PAGE  9


SYMBOL TABLE
  LABEL                             VALUE 

OPTION_REG                        00000081
OSCCAL                            00000090
PCL                               00000002
PCLATH                            0000000A
PCON                              0000008E
PEIE                              00000006
PIE1                              0000008C
PIR1                              0000000C
PISCA_ALERTA                      00000023
PROXIMO1                          0000000D
PROXIMO2                          00000013
PROXIMO3                          00000019
PS0                               00000000
PS1                               00000001
PS2                               00000002
PSA                               00000003
RD                                00000000
RP0                               00000005
RP1                               00000006
SAI_INT                           0000001C
STATUS                            00000003
STATUS_TEMP                       00000021
SUBROTINA1                        00000022
T0CS                              00000005
T0IE                              00000005
T0IF                              00000002
T0SE                              00000004
T1CKPS0                           00000004
T1CKPS1                           00000005
T1CON                             00000010
T1IE                              00000000
T1IF                              00000000
T1OSCEN                           00000003
TESTE_1                           0000003E
TESTE_2                           00000049
TESTE_D1                          00000069
TESTE_D2                          00000073
TESTE_E1                          00000054
TESTE_E2                          0000005E
TMR0                              00000001
TMR0IE                            00000005
TMR0IF                            00000002
TMR1                              0000000E
TMR1CS                            00000001
TMR1GE                            00000006
TMR1H                             0000000F
TMR1IE                            00000000
TMR1IF                            00000000
TMR1L                             0000000E
TMR1ON                            00000000
TRISIO                            00000085
TRISIO0                           00000000
TRISIO1                           00000001
MPASM 5.77  /HOME/ALEXANDRE/MPLABXPROJECTS/A   8-22-2018  14:37:47         PAGE 10


SYMBOL TABLE
  LABEL                             VALUE 

TRISIO2                           00000002
TRISIO3                           00000003
TRISIO4                           00000004
TRISIO5                           00000005
VCFG                              00000006
VR0                               00000000
VR1                               00000001
VR2                               00000002
VR3                               00000003
VRCON                             00000099
VREN                              00000007
VRR                               00000005
W                                 00000000
WPU                               00000095
WPU0                              00000000
WPU1                              00000001
WPU2                              00000002
WPU4                              00000004
WPU5                              00000005
WR                                00000001
WREN                              00000002
WRERR                             00000003
W_TEMP                            00000020
Z                                 00000002
_BODEN_OFF                        00003FBF
_BODEN_ON                         00003FFF
_BOREN_OFF                        00003FBF
_BOREN_ON                         00003FFF
_CONFIG                           00002007
_CPD_OFF                          00003FFF
_CPD_ON                           00003EFF
_CP_OFF                           00003FFF
_CP_ON                            00003F7F
_DEVID1                           00002006
_EC_OSC                           00003FFB
_EXTRC_OSC_CLKOUT                 00003FFF
_EXTRC_OSC_NOCLKOUT               00003FFE
_FOSC_EC                          00003FFB
_FOSC_EXTRCCLK                    00003FFF
_FOSC_EXTRCIO                     00003FFE
_FOSC_HS                          00003FFA
_FOSC_INTRCCLK                    00003FFD
_FOSC_INTRCIO                     00003FFC
_FOSC_LP                          00003FF8
_FOSC_XT                          00003FF9
_HS_OSC                           00003FFA
_IDLOC0                           00002000
_IDLOC1                           00002001
_IDLOC2                           00002002
_IDLOC3                           00002003
_INTRC_OSC_CLKOUT                 00003FFD
_INTRC_OSC_NOCLKOUT               00003FFC
_LP_OSC                           00003FF8
MPASM 5.77  /HOME/ALEXANDRE/MPLABXPROJECTS/A   8-22-2018  14:37:47         PAGE 11


SYMBOL TABLE
  LABEL                             VALUE 

_MCLRE_OFF                        00003FDF
_MCLRE_ON                         00003FFF
_PWRTE_OFF                        00003FFF
_PWRTE_ON                         00003FEF
_WDTE_OFF                         00003FF7
_WDTE_ON                          00003FFF
_WDT_OFF                          00003FF7
_WDT_ON                           00003FFF
_XT_OSC                           00003FF9
__12F675                          00000001

Errors   :     0
Warnings :     0 reported,     0 suppressed
Messages :     4 reported,     0 suppressed

